[debug] [2023-02-23T15:57:24.894Z] ----------------------------------------------------------------------
[debug] [2023-02-23T15:57:24.896Z] Command:       C:\Program Files\nodejs\node.exe C:\Users\Hari Kiran\AppData\Roaming\npm\node_modules\firebase-tools\lib\bin\firebase.js init
[debug] [2023-02-23T15:57:24.896Z] CLI Version:   11.23.1
[debug] [2023-02-23T15:57:24.897Z] Platform:      win32
[debug] [2023-02-23T15:57:24.897Z] Node Version:  v18.12.1
[debug] [2023-02-23T15:57:24.897Z] Time:          Thu Feb 23 2023 21:27:24 GMT+0530 (India Standard Time)
[debug] [2023-02-23T15:57:24.898Z] ----------------------------------------------------------------------
[debug] 
[debug] [2023-02-23T15:57:24.902Z] >>> [apiv2][query] GET https://firebase-public.firebaseio.com/cli.json [none]
[debug] [2023-02-23T15:57:24.944Z] > command requires scopes: ["email","openid","https://www.googleapis.com/auth/cloudplatformprojects.readonly","https://www.googleapis.com/auth/firebase","https://www.googleapis.com/auth/cloud-platform"]
[debug] [2023-02-23T15:57:24.944Z] > authorizing via signed-in user (vhkhari2017@gmail.com)
[info] 
     ######## #### ########  ######## ########     ###     ######  ########
     ##        ##  ##     ## ##       ##     ##  ##   ##  ##       ##
     ######    ##  ########  ######   ########  #########  ######  ######
     ##        ##  ##    ##  ##       ##     ## ##     ##       ## ##
     ##       #### ##     ## ######## ########  ##     ##  ######  ########

You're about to initialize a Firebase project in this directory:

  D:\react\newsapp

[info] 
=== Project Setup
[info] 
[info] First, let's associate this project directory with a Firebase project.
[info] You can create multiple project aliases by running firebase use --add, 
[info] but for now we'll just set up a default project.
[info] 
[debug] [2023-02-23T15:57:34.957Z] > refreshing access token with scopes: []
[debug] [2023-02-23T15:57:34.958Z] >>> [apiv2][query] POST https://www.googleapis.com/oauth2/v3/token [none]
[debug] [2023-02-23T15:57:34.958Z] >>> [apiv2][body] POST https://www.googleapis.com/oauth2/v3/token [omitted]
[debug] [2023-02-23T15:57:36.913Z] <<< [apiv2][status] GET https://firebase-public.firebaseio.com/cli.json 200
[debug] [2023-02-23T15:57:36.914Z] <<< [apiv2][body] GET https://firebase-public.firebaseio.com/cli.json {"cloudBuildErrorAfter":1594252800000,"cloudBuildWarnAfter":1590019200000,"defaultNode10After":1594252800000,"minVersion":"3.0.5","node8DeploysDisabledAfter":1613390400000,"node8RuntimeDisabledAfter":1615809600000,"node8WarnAfter":1600128000000}
[debug] [2023-02-23T15:58:07.185Z] Authentication Error: Your credentials are no longer valid. Please run firebase login --reauth

For CI servers and headless environments, generate a new token with firebase login:ci
[debug] [2023-02-23T15:58:12.207Z] Error: Timed out.
    at Timeout._onTimeout (C:\Users\Hari Kiran\AppData\Roaming\npm\node_modules\firebase-tools\lib\utils.js:253:49)
    at listOnTimeout (node:internal/timers:564:17)
    at process.processTimers (node:internal/timers:507:7)
[error] 
[error] Error: An unexpected error has occurred.
[debug] [2023-02-23T15:58:59.407Z] ----------------------------------------------------------------------
[debug] [2023-02-23T15:58:59.409Z] Command:       C:\Program Files\nodejs\node.exe C:\Users\Hari Kiran\AppData\Roaming\npm\node_modules\firebase-tools\lib\bin\firebase.js init
[debug] [2023-02-23T15:58:59.410Z] CLI Version:   11.23.1
[debug] [2023-02-23T15:58:59.410Z] Platform:      win32
[debug] [2023-02-23T15:58:59.410Z] Node Version:  v18.12.1
[debug] [2023-02-23T15:58:59.411Z] Time:          Thu Feb 23 2023 21:28:59 GMT+0530 (India Standard Time)
[debug] [2023-02-23T15:58:59.411Z] ----------------------------------------------------------------------
[debug] 
[debug] [2023-02-23T15:58:59.418Z] > command requires scopes: ["email","openid","https://www.googleapis.com/auth/cloudplatformprojects.readonly","https://www.googleapis.com/auth/firebase","https://www.googleapis.com/auth/cloud-platform"]
[debug] [2023-02-23T15:58:59.419Z] > authorizing via signed-in user (vhkhari2017@gmail.com)
[info] 
     ######## #### ########  ######## ########     ###     ######  ########
     ##        ##  ##     ## ##       ##     ##  ##   ##  ##       ##
     ######    ##  ########  ######   ########  #########  ######  ######
     ##        ##  ##    ##  ##       ##     ## ##     ##       ## ##
     ##       #### ##     ## ######## ########  ##     ##  ######  ########

You're about to initialize a Firebase project in this directory:

  D:\react\newsapp

[info] 
=== Project Setup
[info] 
[info] First, let's associate this project directory with a Firebase project.
[info] You can create multiple project aliases by running firebase use --add, 
[info] but for now we'll just set up a default project.
[info] 
[debug] [2023-02-23T15:59:06.493Z] > refreshing access token with scopes: []
[debug] [2023-02-23T15:59:06.495Z] >>> [apiv2][query] POST https://www.googleapis.com/oauth2/v3/token [none]
[debug] [2023-02-23T15:59:06.495Z] >>> [apiv2][body] POST https://www.googleapis.com/oauth2/v3/token [omitted]
[debug] [2023-02-23T15:59:27.765Z] Authentication Error: Your credentials are no longer valid. Please run firebase login --reauth

For CI servers and headless environments, generate a new token with firebase login:ci
[debug] [2023-02-23T15:59:32.777Z] Error: Timed out.
    at Timeout._onTimeout (C:\Users\Hari Kiran\AppData\Roaming\npm\node_modules\firebase-tools\lib\utils.js:253:49)
    at listOnTimeout (node:internal/timers:564:17)
    at process.processTimers (node:internal/timers:507:7)
[error] 
[error] Error: An unexpected error has occurred.
[debug] [2023-02-23T16:00:14.249Z] ----------------------------------------------------------------------
[debug] [2023-02-23T16:00:14.251Z] Command:       C:\Program Files\nodejs\node.exe C:\Users\Hari Kiran\AppData\Roaming\npm\node_modules\firebase-tools\lib\bin\firebase.js init
[debug] [2023-02-23T16:00:14.252Z] CLI Version:   11.23.1
[debug] [2023-02-23T16:00:14.252Z] Platform:      win32
[debug] [2023-02-23T16:00:14.252Z] Node Version:  v18.12.1
[debug] [2023-02-23T16:00:14.253Z] Time:          Thu Feb 23 2023 21:30:14 GMT+0530 (India Standard Time)
[debug] [2023-02-23T16:00:14.253Z] ----------------------------------------------------------------------
[debug] 
[debug] [2023-02-23T16:00:14.260Z] > command requires scopes: ["email","openid","https://www.googleapis.com/auth/cloudplatformprojects.readonly","https://www.googleapis.com/auth/firebase","https://www.googleapis.com/auth/cloud-platform"]
[debug] [2023-02-23T16:00:14.261Z] > authorizing via signed-in user (vhkhari2017@gmail.com)
[info] 
     ######## #### ########  ######## ########     ###     ######  ########
     ##        ##  ##     ## ##       ##     ##  ##   ##  ##       ##
     ######    ##  ########  ######   ########  #########  ######  ######
     ##        ##  ##    ##  ##       ##     ## ##     ##       ## ##
     ##       #### ##     ## ######## ########  ##     ##  ######  ########

You're about to initialize a Firebase project in this directory:

  D:\react\newsapp

[info] 
=== Project Setup
[info] 
[info] First, let's associate this project directory with a Firebase project.
[info] You can create multiple project aliases by running firebase use --add, 
[info] but for now we'll just set up a default project.
[info] 
[debug] [2023-02-23T16:00:29.999Z] > refreshing access token with scopes: []
[debug] [2023-02-23T16:00:30.002Z] >>> [apiv2][query] POST https://www.googleapis.com/oauth2/v3/token [none]
[debug] [2023-02-23T16:00:30.002Z] >>> [apiv2][body] POST https://www.googleapis.com/oauth2/v3/token [omitted]
[debug] [2023-02-23T16:00:51.087Z] Authentication Error: Your credentials are no longer valid. Please run firebase login --reauth

For CI servers and headless environments, generate a new token with firebase login:ci
[debug] [2023-02-23T16:00:56.102Z] Error: Timed out.
    at Timeout._onTimeout (C:\Users\Hari Kiran\AppData\Roaming\npm\node_modules\firebase-tools\lib\utils.js:253:49)
    at listOnTimeout (node:internal/timers:564:17)
    at process.processTimers (node:internal/timers:507:7)
[error] 
[error] Error: An unexpected error has occurred.
